-------------------------------------------------------------------------------
Test set: com.example.convertdoctorapp.ConvertdoctorappApplicationTests
-------------------------------------------------------------------------------
Tests run: 1, Failures: 0, Errors: 1, Skipped: 0, Time elapsed: 6.851 s <<< FAILURE! - in com.example.convertdoctorapp.ConvertdoctorappApplicationTests
contextLoads  Time elapsed: 0.001 s  <<< ERROR!
java.lang.IllegalStateException: Failed to load ApplicationContext
Caused by: org.springframework.beans.factory.UnsatisfiedDependencyException: Error creating bean with name 'homecontrol': Unsatisfied dependency expressed through field 'doctorrepo'; nested exception is org.springframework.beans.factory.BeanCreationException: Error creating bean with name 'doctorrepo' defined in com.example.convertdoctorapp.ropository.Doctorrepo defined in @EnableJpaRepositories declared on JpaRepositoriesRegistrar.EnableJpaRepositoriesConfiguration: Invocation of init method failed; nested exception is org.springframework.data.repository.query.QueryCreationException: Could not create query for public abstract com.example.convertdoctorapp.entity.Appointment com.example.convertdoctorapp.ropository.Doctorrepo.findByPatientid(java.lang.Integer); Reason: Failed to create query for method public abstract com.example.convertdoctorapp.entity.Appointment com.example.convertdoctorapp.ropository.Doctorrepo.findByPatientid(java.lang.Integer)! Unable to locate Attribute  with the the given name [patientid] on this ManagedType [com.example.convertdoctorapp.entity.Appointment]; nested exception is java.lang.IllegalArgumentException: Failed to create query for method public abstract com.example.convertdoctorapp.entity.Appointment com.example.convertdoctorapp.ropository.Doctorrepo.findByPatientid(java.lang.Integer)! Unable to locate Attribute  with the the given name [patientid] on this ManagedType [com.example.convertdoctorapp.entity.Appointment]
Caused by: org.springframework.beans.factory.BeanCreationException: Error creating bean with name 'doctorrepo' defined in com.example.convertdoctorapp.ropository.Doctorrepo defined in @EnableJpaRepositories declared on JpaRepositoriesRegistrar.EnableJpaRepositoriesConfiguration: Invocation of init method failed; nested exception is org.springframework.data.repository.query.QueryCreationException: Could not create query for public abstract com.example.convertdoctorapp.entity.Appointment com.example.convertdoctorapp.ropository.Doctorrepo.findByPatientid(java.lang.Integer); Reason: Failed to create query for method public abstract com.example.convertdoctorapp.entity.Appointment com.example.convertdoctorapp.ropository.Doctorrepo.findByPatientid(java.lang.Integer)! Unable to locate Attribute  with the the given name [patientid] on this ManagedType [com.example.convertdoctorapp.entity.Appointment]; nested exception is java.lang.IllegalArgumentException: Failed to create query for method public abstract com.example.convertdoctorapp.entity.Appointment com.example.convertdoctorapp.ropository.Doctorrepo.findByPatientid(java.lang.Integer)! Unable to locate Attribute  with the the given name [patientid] on this ManagedType [com.example.convertdoctorapp.entity.Appointment]
Caused by: org.springframework.data.repository.query.QueryCreationException: Could not create query for public abstract com.example.convertdoctorapp.entity.Appointment com.example.convertdoctorapp.ropository.Doctorrepo.findByPatientid(java.lang.Integer); Reason: Failed to create query for method public abstract com.example.convertdoctorapp.entity.Appointment com.example.convertdoctorapp.ropository.Doctorrepo.findByPatientid(java.lang.Integer)! Unable to locate Attribute  with the the given name [patientid] on this ManagedType [com.example.convertdoctorapp.entity.Appointment]; nested exception is java.lang.IllegalArgumentException: Failed to create query for method public abstract com.example.convertdoctorapp.entity.Appointment com.example.convertdoctorapp.ropository.Doctorrepo.findByPatientid(java.lang.Integer)! Unable to locate Attribute  with the the given name [patientid] on this ManagedType [com.example.convertdoctorapp.entity.Appointment]
Caused by: java.lang.IllegalArgumentException: Failed to create query for method public abstract com.example.convertdoctorapp.entity.Appointment com.example.convertdoctorapp.ropository.Doctorrepo.findByPatientid(java.lang.Integer)! Unable to locate Attribute  with the the given name [patientid] on this ManagedType [com.example.convertdoctorapp.entity.Appointment]
Caused by: java.lang.IllegalArgumentException: Unable to locate Attribute  with the the given name [patientid] on this ManagedType [com.example.convertdoctorapp.entity.Appointment]

